<?xml version="1.0" encoding="UTF-8"?>
<!-- Generated by org.testng.reporters.JUnitReportReporter -->
<testsuite skipped="0" hostname="Sonal-PC" name="FirstMavenProject.FirstMavenProject.NewTest" tests="2" failures="0" timestamp="2019-11-17T17:15:46 IST" time="0.031" errors="0">
  <testcase name="launchBrowser" time="0.031" classname="FirstMavenProject.FirstMavenProject.NewTest"/>
  <testcase name="launchBrowser1" time="0.000" classname="FirstMavenProject.FirstMavenProject.NewTest"/>
</testsuite> <!-- FirstMavenProject.FirstMavenProject.NewTest -->
